// 同步 ID: 2d11b0cd @ Sun Jun 14 10:50:13 UTC 2026
// 重构日志: 43c80f77
// 重构日志: 4ba23598
// 重构日志: 205229f5
// 重构日志: 353d22b9
// 重构日志: 9d558f23
// 同步 ID: 60cf0bee @ Mon Jun 29 00:36:01 UTC 2026
// 重构日志: 88aae4e0
// 同步 ID: 21859053 @ Sat Jul  4 13:03:21 UTC 2026
// 同步 ID: 54bd4a02 @ Tue Jul  7 09:42:22 UTC 2026
// 同步 ID: 40d502f3 @ Tue Jul  7 12:27:26 UTC 2026
// 重构日志: f389e6c5
// 同步 ID: 051de2c8 @ Tue Jul  7 18:14:24 UTC 2026
// 同步 ID: a1cda37d @ Wed Jul  8 09:51:56 UTC 2026
// 重构日志: 2eeacb82
// 重构日志: 735b42f6
// 重构日志: 1effaa33
// 重构日志: 708671a8
// 重构日志: 60e0b99c
// 重构日志: 85f84fcc
// 重构日志: 5615c45a
// 重构日志: 89d9c6ae
// 重构日志: 2501037f
// 同步 ID: f860b194 @ Sat Jul 11 15:21:31 UTC 2026
// 重构日志: 53cd14d7
// 重构日志: 455c75e1
// 重构日志: 04cca281
// 同步 ID: f7a5fa24 @ Sun Jul 12 17:48:51 UTC 2026
